# JRE version: Java(TM) SE Runtime Environment (8.0_111-b14) (build 1.8.0_111-b14)
# Java VM: Java HotSpot(TM) Client VM (25.111-b14 mixed mode, sharing windows-x86 )
Heap:
 def new generation   total 4928K, used 3164K [0x04400000, 0x04950000, 0x09950000)
  eden space 4416K,  64% used [0x04400000, 0x046cce60, 0x04850000)
  from space 512K,  57% used [0x048d0000, 0x0491a1a0, 0x04950000)
  to   space 512K,   0% used [0x04850000, 0x04850000, 0x048d0000)
 tenured generation   total 10944K, used 8644K [0x09950000, 0x0a400000, 0x14400000)
   the space 10944K,  78% used [0x09950000, 0x0a1c1018, 0x0a1c1200, 0x0a400000)
 Metaspace       used 920K, capacity 2682K, committed 2752K, reserved 4480K
GC Heap History (10 events):
Event: 10.265 GC heap before
{Heap before GC invocations=58 (full 0):
 def new generation   total 4928K, used 4711K [0x04400000, 0x04950000, 0x09950000)
  eden space 4416K, 100% used [0x04400000, 0x04850000, 0x04850000)
  from space 512K,  57% used [0x04850000, 0x04899e10, 0x048d0000)
  to   space 512K,   0% used [0x048d0000, 0x048d0000, 0x04950000)
 tenured generation   total 10944K, used 8079K [0x09950000, 0x0a400000, 0x14400000)
   the space 10944K,  73% used [0x09950000, 0x0a133cb8, 0x0a133e00, 0x0a400000)
 Metaspace       used 919K, capacity 2682K, committed 2752K, reserved 4480K
Event: 10.267 GC heap after
Heap after GC invocations=59 (full 0):
 def new generation   total 4928K, used 278K [0x04400000, 0x04950000, 0x09950000)
  eden space 4416K,   0% used [0x04400000, 0x04400000, 0x04850000)
  from space 512K,  54% used [0x048d0000, 0x04915bc8, 0x04950000)
  to   space 512K,   0% used [0x04850000, 0x04850000, 0x048d0000)
 tenured generation   total 10944K, used 8192K [0x09950000, 0x0a400000, 0x14400000)
   the space 10944K,  74% used [0x09950000, 0x0a150098, 0x0a150200, 0x0a400000)
 Metaspace       used 919K, capacity 2682K, committed 2752K, reserved 4480K
}
Event: 10.385 GC heap before
{Heap before GC invocations=59 (full 0):
 def new generation   total 4928K, used 4694K [0x04400000, 0x04950000, 0x09950000)
  eden space 4416K, 100% used [0x04400000, 0x04850000, 0x04850000)
  from space 512K,  54% used [0x048d0000, 0x04915bc8, 0x04950000)
  to   space 512K,   0% used [0x04850000, 0x04850000, 0x048d0000)
 tenured generation   total 10944K, used 8192K [0x09950000, 0x0a400000, 0x14400000)
   the space 10944K,  74% used [0x09950000, 0x0a150098, 0x0a150200, 0x0a400000)
 Metaspace       used 919K, capacity 2682K, committed 2752K, reserved 4480K
Event: 10.387 GC heap after
Heap after GC invocations=60 (full 0):
 def new generation   total 4928K, used 291K [0x04400000, 0x04950000, 0x09950000)
  eden space 4416K,   0% used [0x04400000, 0x04400000, 0x04850000)
  from space 512K,  56% used [0x04850000, 0x04898e88, 0x048d0000)
  to   space 512K,   0% used [0x048d0000, 0x048d0000, 0x04950000)
 tenured generation   total 10944K, used 8305K [0x09950000, 0x0a400000, 0x14400000)
   the space 10944K,  75% used [0x09950000, 0x0a16c478, 0x0a16c600, 0x0a400000)
 Metaspace       used 919K, capacity 2682K, committed 2752K, reserved 4480K
}
Event: 10.490 GC heap before
{Heap before GC invocations=60 (full 0):
 def new generation   total 4928K, used 4707K [0x04400000, 0x04950000, 0x09950000)
  eden space 4416K, 100% used [0x04400000, 0x04850000, 0x04850000)
  from space 512K,  56% used [0x04850000, 0x04898e88, 0x048d0000)
  to   space 512K,   0% used [0x048d0000, 0x048d0000, 0x04950000)
 tenured generation   total 10944K, used 8305K [0x09950000, 0x0a400000, 0x14400000)
   the space 10944K,  75% used [0x09950000, 0x0a16c478, 0x0a16c600, 0x0a400000)
 Metaspace       used 919K, capacity 2682K, committed 2752K, reserved 4480K
Event: 10.492 GC heap after
Heap after GC invocations=61 (full 0):
 def new generation   total 4928K, used 295K [0x04400000, 0x04950000, 0x09950000)
  eden space 4416K,   0% used [0x04400000, 0x04400000, 0x04850000)
  from space 512K,  57% used [0x048d0000, 0x04919f70, 0x04950000)
  to   space 512K,   0% used [0x04850000, 0x04850000, 0x048d0000)
 tenured generation   total 10944K, used 8417K [0x09950000, 0x0a400000, 0x14400000)
   the space 10944K,  76% used [0x09950000, 0x0a188738, 0x0a188800, 0x0a400000)
 Metaspace       used 919K, capacity 2682K, committed 2752K, reserved 4480K
}
Event: 10.598 GC heap before
{Heap before GC invocations=61 (full 0):
 def new generation   total 4928K, used 4711K [0x04400000, 0x04950000, 0x09950000)
  eden space 4416K, 100% used [0x04400000, 0x04850000, 0x04850000)
  from space 512K,  57% used [0x048d0000, 0x04919f70, 0x04950000)
  to   space 512K,   0% used [0x04850000, 0x04850000, 0x048d0000)
 tenured generation   total 10944K, used 8417K [0x09950000, 0x0a400000, 0x14400000)
   the space 10944K,  76% used [0x09950000, 0x0a188738, 0x0a188800, 0x0a400000)
 Metaspace       used 919K, capacity 2682K, committed 2752K, reserved 4480K
Event: 10.599 GC heap after
Heap after GC invocations=62 (full 0):
 def new generation   total 4928K, used 300K [0x04400000, 0x04950000, 0x09950000)
  eden space 4416K,   0% used [0x04400000, 0x04400000, 0x04850000)
  from space 512K,  58% used [0x04850000, 0x0489b210, 0x048d0000)
  to   space 512K,   0% used [0x048d0000, 0x048d0000, 0x04950000)
 tenured generation   total 10944K, used 8531K [0x09950000, 0x0a400000, 0x14400000)
   the space 10944K,  77% used [0x09950000, 0x0a1a4c38, 0x0a1a4e00, 0x0a400000)
 Metaspace       used 919K, capacity 2682K, committed 2752K, reserved 4480K
}
Event: 10.706 GC heap before
{Heap before GC invocations=62 (full 0):
 def new generation   total 4928K, used 4716K [0x04400000, 0x04950000, 0x09950000)
  eden space 4416K, 100% used [0x04400000, 0x04850000, 0x04850000)
  from space 512K,  58% used [0x04850000, 0x0489b210, 0x048d0000)
  to   space 512K,   0% used [0x048d0000, 0x048d0000, 0x04950000)
 tenured generation   total 10944K, used 8531K [0x09950000, 0x0a400000, 0x14400000)
   the space 10944K,  77% used [0x09950000, 0x0a1a4c38, 0x0a1a4e00, 0x0a400000)
 Metaspace       used 919K, capacity 2682K, committed 2752K, reserved 4480K
Event: 10.708 GC heap after
Heap after GC invocations=63 (full 0):
 def new generation   total 4928K, used 296K [0x04400000, 0x04950000, 0x09950000)
  eden space 4416K,   0% used [0x04400000, 0x04400000, 0x04850000)
  from space 512K,  57% used [0x048d0000, 0x0491a1a0, 0x04950000)
  to   space 512K,   0% used [0x04850000, 0x04850000, 0x048d0000)
 tenured generation   total 10944K, used 8644K [0x09950000, 0x0a400000, 0x14400000)
   the space 10944K,  78% used [0x09950000, 0x0a1c1018, 0x0a1c1200, 0x0a400000)
 Metaspace       used 919K, capacity 2682K, committed 2752K, reserved 4480K
}

